{"name": "test_valid_login", "status": "broken", "statusDetails": {"message": "selenium.common.exceptions.TimeoutException: Message: \nStacktrace:\nNoSuchElementError: An element could not be located on the page using the given search parameters.\n    at AndroidUiautomator2Driver.findElOrEls (/nix/store/7gcl75xhklpjnw78s382pkyxgviyrsk4-appium-1.22.0/node_modules/appium-uiautomator2-driver/node_modules/appium-android-driver/lib/commands/find.js:75:11)\n    at processTicksAndRejections (internal/process/task_queues.js:97:5)", "trace": "driver = <appium.webdriver.webdriver.WebDriver (session=\"2976cc27549260f58ef4c46e4c57d50de8220bdc\")>\n\n    @pytest.mark.smoke\n    def test_valid_login(driver):\n        lp = LoginPage(driver)\n        # replace with real credentials or test account\n>       lp.login(\"valid_user\", \"valid_pass\")\n\ntests\\test_login.py:8: \n_ _ _ _ _ _ _ _ _ _ _ _ _ _ _ _ _ _ _ _ _ _ _ _ _ _ _ _ _ _ _ _ _ _ _ _ _ _ _ _ _ _ _ _ _ _ _ _ _ _ _ _ _ _ _ _ _ _ _ _\npages\\login_page.py:26: in login\n    self.type(self.user_locator(), username)\npages\\base_page.py:20: in type\n    el = self.find(locator)\n         ^^^^^^^^^^^^^^^^^^\npages\\base_page.py:12: in find\n    return self.wait.until(EC.presence_of_element_located(locator))\n           ^^^^^^^^^^^^^^^^^^^^^^^^^^^^^^^^^^^^^^^^^^^^^^^^^^^^^^^^\n_ _ _ _ _ _ _ _ _ _ _ _ _ _ _ _ _ _ _ _ _ _ _ _ _ _ _ _ _ _ _ _ _ _ _ _ _ _ _ _ _ _ _ _ _ _ _ _ _ _ _ _ _ _ _ _ _ _ _ _\n\nself = <selenium.webdriver.support.wait.WebDriverWait (session=\"2976cc27549260f58ef4c46e4c57d50de8220bdc\")>\nmethod = <function presence_of_element_located.<locals>._predicate at 0x0000027749B6FCE0>, message = ''\n\n    def until(self, method: Callable[[D], Union[Literal[False], T]], message: str = \"\") -> T:\n        \"\"\"Wait until the method returns a value that is not False.\n    \n        Calls the method provided with the driver as an argument until the\n        return value does not evaluate to ``False``.\n    \n        Parameters:\n        -----------\n        method: callable(WebDriver)\n            - A callable object that takes a WebDriver instance as an argument.\n    \n        message: str\n            - Optional message for :exc:`TimeoutException`\n    \n        Return:\n        -------\n        object: T\n            - The result of the last call to `method`\n    \n        Raises:\n        -------\n        TimeoutException\n            - If 'method' does not return a truthy value within the WebDriverWait\n            object's timeout\n    \n        Example:\n        --------\n        >>> from selenium.webdriver.common.by import By\n        >>> from selenium.webdriver.support.ui import WebDriverWait\n        >>> from selenium.webdriver.support import expected_conditions as EC\n    \n        # Wait until an element is visible on the page\n        >>> wait = WebDriverWait(driver, 10)\n        >>> element = wait.until(EC.visibility_of_element_located((By.ID, \"exampleId\")))\n        >>> print(element.text)\n        \"\"\"\n        screen = None\n        stacktrace = None\n    \n        end_time = time.monotonic() + self._timeout\n        while True:\n            try:\n                value = method(self._driver)\n                if value:\n                    return value\n            except self._ignored_exceptions as exc:\n                screen = getattr(exc, \"screen\", None)\n                stacktrace = getattr(exc, \"stacktrace\", None)\n            if time.monotonic() > end_time:\n                break\n            time.sleep(self._poll)\n>       raise TimeoutException(message, screen, stacktrace)\nE       selenium.common.exceptions.TimeoutException: Message: \nE       Stacktrace:\nE       NoSuchElementError: An element could not be located on the page using the given search parameters.\nE           at AndroidUiautomator2Driver.findElOrEls (/nix/store/7gcl75xhklpjnw78s382pkyxgviyrsk4-appium-1.22.0/node_modules/appium-uiautomator2-driver/node_modules/appium-android-driver/lib/commands/find.js:75:11)\nE           at processTicksAndRejections (internal/process/task_queues.js:97:5)\n\n.venv\\Lib\\site-packages\\selenium\\webdriver\\support\\wait.py:138: TimeoutException"}, "attachments": [{"name": "screenshot-android", "source": "bd8fe608-70e1-44b8-8c32-18a74aaf1cc2-attachment.png", "type": "image/png"}], "start": 1757836899467, "stop": 1757836920073, "uuid": "594e2057-098f-42cd-8096-4578143e96f4", "historyId": "ab68c09e23714aa68c720c2ca07c0ecf", "testCaseId": "ab68c09e23714aa68c720c2ca07c0ecf", "fullName": "tests.test_login#test_valid_login", "labels": [{"name": "tag", "value": "smoke"}, {"name": "parentSuite", "value": "tests"}, {"name": "suite", "value": "test_login"}, {"name": "host", "value": "DB-L-174"}, {"name": "thread", "value": "272-MainThread"}, {"name": "framework", "value": "pytest"}, {"name": "language", "value": "cpython3"}, {"name": "package", "value": "tests.test_login"}], "titlePath": ["tests", "test_login.py"]}