{"name": "test_open_product_and_verify", "status": "failed", "statusDetails": {"message": "AssertionError: Could not read product detail price\nassert ''", "trace": "driver = <appium.webdriver.webdriver.WebDriver (session=\"ddc7024151fd71eb2e3a6f0387b6675c0dd421ff\")>\n\n    @pytest.mark.smoke\n    def test_open_product_and_verify(driver):\n        lp = LoginPage(driver)\n        lp.login(\"standard_user\", \"secret_sauce\")\n        assert lp.is_logged_in()\n    \n        pp = ProductPage(driver)\n        # verify catalog loaded (presence)\n        assert pp.find(pp.products_header()), \"Products header not found\"\n    \n        title = pp.get_first_product_title_text()\n        price = pp.get_first_product_price_text()\n        assert title, \"Could not read first product title\"\n        assert price, \"Could not read first product price\"\n    \n        # open details and verify values in details match list\n        pp.open_first_product()\n        detail_title = pp.get_detail_title_text()\n        detail_price = pp.get_detail_price_text()\n        assert detail_title, \"Could not read product detail title\"\n>       assert detail_price, \"Could not read product detail price\"\nE       AssertionError: Could not read product detail price\nE       assert ''\n\ntests\\test_products.py:25: AssertionError"}, "start": 1758106850770, "stop": 1758106868719, "uuid": "bb2ce0e0-3292-4588-b648-51a034cdabc9", "historyId": "a863a96f88b2e88c8ce221b70f374130", "testCaseId": "73842bc6bc3e86743f49bd37be75db47", "fullName": "tests.test_products#test_open_product_and_verify", "labels": [{"name": "tag", "value": "smoke"}, {"name": "parentSuite", "value": "tests"}, {"name": "suite", "value": "test_products"}, {"name": "host", "value": "DB-L-174"}, {"name": "thread", "value": "1764-MainThread"}, {"name": "framework", "value": "pytest"}, {"name": "language", "value": "cpython3"}, {"name": "package", "value": "tests.test_products"}]}