{"name": "test_open_product_and_verify", "status": "failed", "statusDetails": {"message": "AssertionError: Could not read product detail title\nassert ''", "trace": "driver = <appium.webdriver.webdriver.WebDriver (session=\"675060be2dfc9a4c3da39531fee7dd7e33f9e7f0\")>\n\n    @pytest.mark.smoke\n    def test_open_product_and_verify(driver):\n        lp = LoginPage(driver)\n        lp.login(\"standard_user\", \"secret_sauce\")\n        assert lp.is_logged_in()\n    \n        pp = ProductPage(driver)\n        # verify catalog loaded (presence)\n        assert pp.find(pp.products_header()), \"Products header not found\"\n    \n        title = pp.get_first_product_title_text()\n        price = pp.get_first_product_price_text()\n        assert title, \"Could not read first product title\"\n        assert price, \"Could not read first product price\"\n    \n        # open details and verify values in details match list\n        pp.open_first_product()\n        detail_title = pp.get_detail_title_text()\n        detail_price = pp.get_detail_price_text()\n>       assert detail_title, \"Could not read product detail title\"\nE       AssertionError: Could not read product detail title\nE       assert ''\n\ntests\\test_products.py:24: AssertionError"}, "start": 1758106716761, "stop": 1758106729155, "uuid": "29927ce4-ec62-4de4-bc2a-a5efa7001bb6", "historyId": "a863a96f88b2e88c8ce221b70f374130", "testCaseId": "73842bc6bc3e86743f49bd37be75db47", "fullName": "tests.test_products#test_open_product_and_verify", "labels": [{"name": "tag", "value": "smoke"}, {"name": "parentSuite", "value": "tests"}, {"name": "suite", "value": "test_products"}, {"name": "host", "value": "DB-L-174"}, {"name": "thread", "value": "19516-MainThread"}, {"name": "framework", "value": "pytest"}, {"name": "language", "value": "cpython3"}, {"name": "package", "value": "tests.test_products"}]}