{"name": "test_add_to_cart", "status": "broken", "statusDetails": {"message": "selenium.common.exceptions.TimeoutException: Message: \nStacktrace:\nNoSuchElementError: An element could not be located on the page using the given search parameters.\n    at AndroidUiautomator2Driver.findElOrEls (/nix/store/7gcl75xhklpjnw78s382pkyxgviyrsk4-appium-1.22.0/node_modules/appium-uiautomator2-driver/node_modules/appium-android-driver/lib/commands/find.js:75:11)\n    at processTicksAndRejections (internal/process/task_queues.js:97:5)", "trace": "driver = <appium.webdriver.webdriver.WebDriver (session=\"79a67114e27a0ddf120b52398331d7ce76ea2ee3\")>\n\n    def test_add_to_cart(driver):\n        lp = LoginPage(driver)\n        lp.login(\"standard_user\", \"secret_sauce\")\n        assert lp.is_logged_in()\n    \n        pp = ProductPage(driver)\n        title = pp.find(pp.first_product_title()).text\n    \n        cp = CartPage(driver)\n        cp.add_first_product_and_open_cart()\n>       cart_title = cp.find(cp.cart_item_title()).text\n                     ^^^^^^^^^^^^^^^^^^^^^^^^^^^^^\n\ntests\\test_cart.py:16: \n_ _ _ _ _ _ _ _ _ _ _ _ _ _ _ _ _ _ _ _ _ _ _ _ _ _ _ _ _ _ _ _ _ _ _ _ _ _ _ _ _ _ _ _ _ _ _ _ _ _ _ _ _ _ _ _ _ _ _ _\npages\\base_page.py:20: in find\n    return wait.until(EC.presence_of_element_located(locator))\n           ^^^^^^^^^^^^^^^^^^^^^^^^^^^^^^^^^^^^^^^^^^^^^^^^^^^\n_ _ _ _ _ _ _ _ _ _ _ _ _ _ _ _ _ _ _ _ _ _ _ _ _ _ _ _ _ _ _ _ _ _ _ _ _ _ _ _ _ _ _ _ _ _ _ _ _ _ _ _ _ _ _ _ _ _ _ _\n\nself = <selenium.webdriver.support.wait.WebDriverWait (session=\"79a67114e27a0ddf120b52398331d7ce76ea2ee3\")>\nmethod = <function presence_of_element_located.<locals>._predicate at 0x0000016FC55D8C20>, message = ''\n\n    def until(self, method: Callable[[D], Union[Literal[False], T]], message: str = \"\") -> T:\n        \"\"\"Wait until the method returns a value that is not False.\n    \n        Calls the method provided with the driver as an argument until the\n        return value does not evaluate to ``False``.\n    \n        Parameters:\n        -----------\n        method: callable(WebDriver)\n            - A callable object that takes a WebDriver instance as an argument.\n    \n        message: str\n            - Optional message for :exc:`TimeoutException`\n    \n        Return:\n        -------\n        object: T\n            - The result of the last call to `method`\n    \n        Raises:\n        -------\n        TimeoutException\n            - If 'method' does not return a truthy value within the WebDriverWait\n            object's timeout\n    \n        Example:\n        --------\n        >>> from selenium.webdriver.common.by import By\n        >>> from selenium.webdriver.support.ui import WebDriverWait\n        >>> from selenium.webdriver.support import expected_conditions as EC\n    \n        # Wait until an element is visible on the page\n        >>> wait = WebDriverWait(driver, 10)\n        >>> element = wait.until(EC.visibility_of_element_located((By.ID, \"exampleId\")))\n        >>> print(element.text)\n        \"\"\"\n        screen = None\n        stacktrace = None\n    \n        end_time = time.monotonic() + self._timeout\n        while True:\n            try:\n                value = method(self._driver)\n                if value:\n                    return value\n            except self._ignored_exceptions as exc:\n                screen = getattr(exc, \"screen\", None)\n                stacktrace = getattr(exc, \"stacktrace\", None)\n            if time.monotonic() > end_time:\n                break\n            time.sleep(self._poll)\n>       raise TimeoutException(message, screen, stacktrace)\nE       selenium.common.exceptions.TimeoutException: Message: \nE       Stacktrace:\nE       NoSuchElementError: An element could not be located on the page using the given search parameters.\nE           at AndroidUiautomator2Driver.findElOrEls (/nix/store/7gcl75xhklpjnw78s382pkyxgviyrsk4-appium-1.22.0/node_modules/appium-uiautomator2-driver/node_modules/appium-android-driver/lib/commands/find.js:75:11)\nE           at processTicksAndRejections (internal/process/task_queues.js:97:5)\n\n.venv\\Lib\\site-packages\\selenium\\webdriver\\support\\wait.py:138: TimeoutException"}, "attachments": [{"name": "screenshot-android", "source": "49bdb1d0-c2eb-4f3d-be77-0fb07942344c-attachment.png", "type": "image/png"}], "start": 1757839194781, "stop": 1757839217207, "uuid": "6a40d70c-70b4-4dd6-94df-e19dac250871", "historyId": "f53930c71791373588d426a984620050", "testCaseId": "f53930c71791373588d426a984620050", "fullName": "tests.test_cart#test_add_to_cart", "labels": [{"name": "parentSuite", "value": "tests"}, {"name": "suite", "value": "test_cart"}, {"name": "host", "value": "DB-L-174"}, {"name": "thread", "value": "2464-MainThread"}, {"name": "framework", "value": "pytest"}, {"name": "language", "value": "cpython3"}, {"name": "package", "value": "tests.test_cart"}], "titlePath": ["tests", "test_cart.py"]}