{"name": "test_open_product_and_verify", "status": "broken", "statusDetails": {"message": "selenium.common.exceptions.TimeoutException: Message: \nStacktrace:\nNoSuchElementError: An element could not be located on the page using the given search parameters.\n    at AndroidUiautomator2Driver.findElOrEls (/nix/store/7gcl75xhklpjnw78s382pkyxgviyrsk4-appium-1.22.0/node_modules/appium-uiautomator2-driver/node_modules/appium-android-driver/lib/commands/find.js:75:11)\n    at processTicksAndRejections (internal/process/task_queues.js:97:5)", "trace": "driver = <appium.webdriver.webdriver.WebDriver (session=\"89a0a3f9557b73a4e4e1993854e204bb358b9339\")>\n\n    @pytest.mark.smoke\n    def test_open_product_and_verify(driver):\n        lp = LoginPage(driver)\n>       lp.login(\"standard_user\", \"secret_sauce\")\n\ntests\\test_products.py:10: \n_ _ _ _ _ _ _ _ _ _ _ _ _ _ _ _ _ _ _ _ _ _ _ _ _ _ _ _ _ _ _ _ _ _ _ _ _ _ _ _ _ _ _ _ _ _ _ _ _ _ _ _ _ _ _ _ _ _ _ _\npages\\login_page.py:62: in login\n    self.enter_username(username)\npages\\login_page.py:41: in enter_username\n    el = self.wait.until(EC.presence_of_element_located(self._locator('username')))\n         ^^^^^^^^^^^^^^^^^^^^^^^^^^^^^^^^^^^^^^^^^^^^^^^^^^^^^^^^^^^^^^^^^^^^^^^^^^\n_ _ _ _ _ _ _ _ _ _ _ _ _ _ _ _ _ _ _ _ _ _ _ _ _ _ _ _ _ _ _ _ _ _ _ _ _ _ _ _ _ _ _ _ _ _ _ _ _ _ _ _ _ _ _ _ _ _ _ _\n\nself = <selenium.webdriver.support.wait.WebDriverWait (session=\"89a0a3f9557b73a4e4e1993854e204bb358b9339\")>\nmethod = <function presence_of_element_located.<locals>._predicate at 0x00000245DBB47420>, message = ''\n\n    def until(self, method: Callable[[D], Union[Literal[False], T]], message: str = \"\") -> T:\n        \"\"\"Wait until the method returns a value that is not False.\n    \n        Calls the method provided with the driver as an argument until the\n        return value does not evaluate to ``False``.\n    \n        Parameters:\n        -----------\n        method: callable(WebDriver)\n            - A callable object that takes a WebDriver instance as an argument.\n    \n        message: str\n            - Optional message for :exc:`TimeoutException`\n    \n        Return:\n        -------\n        object: T\n            - The result of the last call to `method`\n    \n        Raises:\n        -------\n        TimeoutException\n            - If 'method' does not return a truthy value within the WebDriverWait\n            object's timeout\n    \n        Example:\n        --------\n        >>> from selenium.webdriver.common.by import By\n        >>> from selenium.webdriver.support.ui import WebDriverWait\n        >>> from selenium.webdriver.support import expected_conditions as EC\n    \n        # Wait until an element is visible on the page\n        >>> wait = WebDriverWait(driver, 10)\n        >>> element = wait.until(EC.visibility_of_element_located((By.ID, \"exampleId\")))\n        >>> print(element.text)\n        \"\"\"\n        screen = None\n        stacktrace = None\n    \n        end_time = time.monotonic() + self._timeout\n        while True:\n            try:\n                value = method(self._driver)\n                if value:\n                    return value\n            except self._ignored_exceptions as exc:\n                screen = getattr(exc, \"screen\", None)\n                stacktrace = getattr(exc, \"stacktrace\", None)\n            if time.monotonic() > end_time:\n                break\n            time.sleep(self._poll)\n>       raise TimeoutException(message, screen, stacktrace)\nE       selenium.common.exceptions.TimeoutException: Message: \nE       Stacktrace:\nE       NoSuchElementError: An element could not be located on the page using the given search parameters.\nE           at AndroidUiautomator2Driver.findElOrEls (/nix/store/7gcl75xhklpjnw78s382pkyxgviyrsk4-appium-1.22.0/node_modules/appium-uiautomator2-driver/node_modules/appium-android-driver/lib/commands/find.js:75:11)\nE           at processTicksAndRejections (internal/process/task_queues.js:97:5)\n\n.venv\\Lib\\site-packages\\selenium\\webdriver\\support\\wait.py:138: TimeoutException"}, "attachments": [{"name": "screenshot-android", "source": "18a30fc5-c636-4074-88ab-71c9a8bbfac0-attachment.png", "type": "image/png"}], "start": 1757851124373, "stop": 1757851139808, "uuid": "95f98e6e-e39d-44d7-a32a-5b8a08f92189", "historyId": "73842bc6bc3e86743f49bd37be75db47", "testCaseId": "73842bc6bc3e86743f49bd37be75db47", "fullName": "tests.test_products#test_open_product_and_verify", "labels": [{"name": "tag", "value": "smoke"}, {"name": "parentSuite", "value": "tests"}, {"name": "suite", "value": "test_products"}, {"name": "host", "value": "DB-L-174"}, {"name": "thread", "value": "10252-MainThread"}, {"name": "framework", "value": "pytest"}, {"name": "language", "value": "cpython3"}, {"name": "package", "value": "tests.test_products"}], "titlePath": ["tests", "test_products.py"]}