{"name": "test_add_to_cart", "status": "failed", "statusDetails": {"message": "AssertionError: Could not read any cart item title\nassert ''", "trace": "driver = <appium.webdriver.webdriver.WebDriver (session=\"2939f13259eeed9b024baebb46ff6511fd059889\")>\n\n    @pytest.mark.smoke\n    def test_add_to_cart(driver):\n        lp = LoginPage(driver)\n        lp.login(\"standard_user\", \"secret_sauce\")\n        assert lp.is_logged_in()\n    \n        pp = ProductPage(driver)\n        # get title from product list (robust getter)\n        title = pp.get_first_product_title_text()\n        assert title, \"Could not read product title from list\"\n    \n        cp = CartPage(driver)\n        cp.add_first_product_and_open_cart()\n    \n        cart_title = cp.get_cart_item_title_text()\n>       assert cart_title, \"Could not read any cart item title\"\nE       AssertionError: Could not read any cart item title\nE       assert ''\n\ntests\\test_cart.py:22: AssertionError"}, "attachments": [{"name": "screenshot-android", "source": "657e10b9-eaee-4e2f-9e0b-d59671951772-attachment.png", "type": "image/png"}], "start": 1757839373057, "stop": 1757839393058, "uuid": "c577c037-a3f8-4d30-9647-3f2b10bc975b", "historyId": "f53930c71791373588d426a984620050", "testCaseId": "f53930c71791373588d426a984620050", "fullName": "tests.test_cart#test_add_to_cart", "labels": [{"name": "tag", "value": "smoke"}, {"name": "parentSuite", "value": "tests"}, {"name": "suite", "value": "test_cart"}, {"name": "host", "value": "DB-L-174"}, {"name": "thread", "value": "13704-MainThread"}, {"name": "framework", "value": "pytest"}, {"name": "language", "value": "cpython3"}, {"name": "package", "value": "tests.test_cart"}], "titlePath": ["tests", "test_cart.py"]}